{"contracts\\lib\\zeppelin-solidity\\crowdsale\\Crowdsale.sol":{"l":{"49":91,"50":90,"51":89,"53":88,"54":88,"55":88,"66":26,"75":66,"76":66,"79":47,"82":47,"84":47,"85":46,"87":46,"89":46,"90":46,"103":49,"104":48,"122":0,"131":47,"149":0,"156":46},"path":"F:/src/takeoff_ico/contract/contracts/lib/zeppelin-solidity/crowdsale/Crowdsale.sol","s":{"1":91,"2":90,"3":89,"4":88,"5":88,"6":88,"7":26,"8":66,"9":66,"10":47,"11":47,"12":47,"13":46,"14":46,"15":46,"16":46,"17":49,"18":48,"19":47,"20":0},"b":{"1":[90,1],"2":[89,1],"3":[88,1],"4":[48,1],"5":[47,1]},"f":{"1":91,"2":26,"3":66,"4":49,"5":46,"6":0,"7":47,"8":46,"9":0,"10":46},"fnMap":{"1":{"name":"Crowdsale","line":48,"loc":{"start":{"line":48,"column":2},"end":{"line":48,"column":73}}},"2":{"name":null,"line":65,"loc":{"start":{"line":65,"column":2},"end":{"line":65,"column":30}}},"3":{"name":"buyTokens","line":73,"loc":{"start":{"line":73,"column":2},"end":{"line":73,"column":57}}},"4":{"name":"_preValidatePurchase","line":102,"loc":{"start":{"line":102,"column":2},"end":{"line":102,"column":82}}},"5":{"name":"_postValidatePurchase","line":112,"loc":{"start":{"line":112,"column":2},"end":{"line":112,"column":83}}},"6":{"name":"_deliverTokens","line":121,"loc":{"start":{"line":121,"column":2},"end":{"line":121,"column":78}}},"7":{"name":"_processPurchase","line":130,"loc":{"start":{"line":130,"column":2},"end":{"line":130,"column":80}}},"8":{"name":"_updatePurchasingState","line":139,"loc":{"start":{"line":139,"column":2},"end":{"line":139,"column":84}}},"9":{"name":"_getTokenAmount","line":148,"loc":{"start":{"line":148,"column":2},"end":{"line":148,"column":78}}},"10":{"name":"_forwardFunds","line":155,"loc":{"start":{"line":155,"column":2},"end":{"line":155,"column":35}}}},"statementMap":{"1":{"start":{"line":49,"column":4},"end":{"line":49,"column":21}},"2":{"start":{"line":50,"column":4},"end":{"line":50,"column":33}},"3":{"start":{"line":51,"column":4},"end":{"line":51,"column":32}},"4":{"start":{"line":53,"column":4},"end":{"line":53,"column":15}},"5":{"start":{"line":54,"column":4},"end":{"line":54,"column":19}},"6":{"start":{"line":55,"column":4},"end":{"line":55,"column":17}},"7":{"start":{"line":66,"column":4},"end":{"line":66,"column":24}},"8":{"start":{"line":75,"column":4},"end":{"line":75,"column":32}},"9":{"start":{"line":76,"column":4},"end":{"line":76,"column":48}},"10":{"start":{"line":79,"column":4},"end":{"line":79,"column":46}},"11":{"start":{"line":82,"column":4},"end":{"line":82,"column":39}},"12":{"start":{"line":84,"column":4},"end":{"line":84,"column":41}},"13":{"start":{"line":85,"column":4},"end":{"line":85,"column":61}},"14":{"start":{"line":87,"column":4},"end":{"line":87,"column":50}},"15":{"start":{"line":89,"column":4},"end":{"line":89,"column":18}},"16":{"start":{"line":90,"column":4},"end":{"line":90,"column":49}},"17":{"start":{"line":103,"column":4},"end":{"line":103,"column":38}},"18":{"start":{"line":104,"column":4},"end":{"line":104,"column":27}},"19":{"start":{"line":131,"column":4},"end":{"line":131,"column":45}},"20":{"start":{"line":149,"column":4},"end":{"line":149,"column":31}}},"branchMap":{"1":{"line":49,"type":"if","locations":[{"start":{"line":49,"column":4},"end":{"line":49,"column":4}},{"start":{"line":49,"column":4},"end":{"line":49,"column":4}}]},"2":{"line":50,"type":"if","locations":[{"start":{"line":50,"column":4},"end":{"line":50,"column":4}},{"start":{"line":50,"column":4},"end":{"line":50,"column":4}}]},"3":{"line":51,"type":"if","locations":[{"start":{"line":51,"column":4},"end":{"line":51,"column":4}},{"start":{"line":51,"column":4},"end":{"line":51,"column":4}}]},"4":{"line":103,"type":"if","locations":[{"start":{"line":103,"column":4},"end":{"line":103,"column":4}},{"start":{"line":103,"column":4},"end":{"line":103,"column":4}}]},"5":{"line":104,"type":"if","locations":[{"start":{"line":104,"column":4},"end":{"line":104,"column":4}},{"start":{"line":104,"column":4},"end":{"line":104,"column":4}}]}}},"contracts\\lib\\zeppelin-solidity\\crowdsale\\distribution\\FinalizableCrowdsale.sol":{"l":{"24":11,"25":9,"27":6,"28":6,"30":6},"path":"F:/src/takeoff_ico/contract/contracts/lib/zeppelin-solidity/crowdsale/distribution/FinalizableCrowdsale.sol","s":{"1":11,"2":9,"3":6,"4":6,"5":6},"b":{"1":[9,2],"2":[6,3]},"f":{"1":11,"2":6},"fnMap":{"1":{"name":"finalize","line":23,"loc":{"start":{"line":23,"column":2},"end":{"line":23,"column":38}}},"2":{"name":"finalization","line":38,"loc":{"start":{"line":38,"column":2},"end":{"line":38,"column":34}}}},"statementMap":{"1":{"start":{"line":24,"column":4},"end":{"line":24,"column":24}},"2":{"start":{"line":25,"column":4},"end":{"line":25,"column":23}},"3":{"start":{"line":27,"column":4},"end":{"line":27,"column":17}},"4":{"start":{"line":28,"column":4},"end":{"line":28,"column":14}},"5":{"start":{"line":30,"column":4},"end":{"line":30,"column":21}}},"branchMap":{"1":{"line":24,"type":"if","locations":[{"start":{"line":24,"column":4},"end":{"line":24,"column":4}},{"start":{"line":24,"column":4},"end":{"line":24,"column":4}}]},"2":{"line":25,"type":"if","locations":[{"start":{"line":25,"column":4},"end":{"line":25,"column":4}},{"start":{"line":25,"column":4},"end":{"line":25,"column":4}}]}}},"contracts\\lib\\zeppelin-solidity\\crowdsale\\validation\\TimedCrowdsale.sol":{"l":{"21":162,"22":158,"31":88,"32":86,"34":85,"35":85,"43":11,"52":49},"path":"F:/src/takeoff_ico/contract/contracts/lib/zeppelin-solidity/crowdsale/validation/TimedCrowdsale.sol","s":{"1":162,"2":88,"3":86,"4":85,"5":85,"6":11},"b":{"1":[158,4],"2":[86,2],"3":[85,1]},"f":{"1":162,"2":88,"3":11,"4":49},"fnMap":{"1":{"name":"onlyWhileOpen","line":20,"loc":{"start":{"line":20,"column":2},"end":{"line":20,"column":24}}},"2":{"name":"TimedCrowdsale","line":30,"loc":{"start":{"line":30,"column":2},"end":{"line":30,"column":76}}},"3":{"name":"hasClosed","line":42,"loc":{"start":{"line":42,"column":2},"end":{"line":42,"column":49}}},"4":{"name":"_preValidatePurchase","line":51,"loc":{"start":{"line":51,"column":2},"end":{"line":51,"column":96}}}},"statementMap":{"1":{"start":{"line":21,"column":4},"end":{"line":21,"column":52}},"2":{"start":{"line":31,"column":4},"end":{"line":31,"column":31}},"3":{"start":{"line":32,"column":4},"end":{"line":32,"column":40}},"4":{"start":{"line":34,"column":4},"end":{"line":34,"column":29}},"5":{"start":{"line":35,"column":4},"end":{"line":35,"column":29}},"6":{"start":{"line":43,"column":4},"end":{"line":43,"column":28}}},"branchMap":{"1":{"line":21,"type":"if","locations":[{"start":{"line":21,"column":4},"end":{"line":21,"column":4}},{"start":{"line":21,"column":4},"end":{"line":21,"column":4}}]},"2":{"line":31,"type":"if","locations":[{"start":{"line":31,"column":4},"end":{"line":31,"column":4}},{"start":{"line":31,"column":4},"end":{"line":31,"column":4}}]},"3":{"line":32,"type":"if","locations":[{"start":{"line":32,"column":4},"end":{"line":32,"column":4}},{"start":{"line":32,"column":4},"end":{"line":32,"column":4}}]}}},"contracts\\lib\\zeppelin-solidity\\lifecycle\\Pausable.sol":{"l":{"22":238,"23":229,"30":28,"31":22,"38":41,"39":41,"46":18,"47":18},"path":"F:/src/takeoff_ico/contract/contracts/lib/zeppelin-solidity/lifecycle/Pausable.sol","s":{"1":238,"2":28,"3":41,"4":41,"5":18,"6":18},"b":{"1":[229,9],"2":[22,6]},"f":{"1":238,"2":28,"3":41,"4":18},"fnMap":{"1":{"name":"whenNotPaused","line":21,"loc":{"start":{"line":21,"column":2},"end":{"line":21,"column":26}}},"2":{"name":"whenPaused","line":29,"loc":{"start":{"line":29,"column":2},"end":{"line":29,"column":23}}},"3":{"name":"pause","line":37,"loc":{"start":{"line":37,"column":2},"end":{"line":37,"column":49}}},"4":{"name":"unpause","line":45,"loc":{"start":{"line":45,"column":2},"end":{"line":45,"column":48}}}},"statementMap":{"1":{"start":{"line":22,"column":4},"end":{"line":22,"column":19}},"2":{"start":{"line":30,"column":4},"end":{"line":30,"column":18}},"3":{"start":{"line":38,"column":4},"end":{"line":38,"column":16}},"4":{"start":{"line":39,"column":4},"end":{"line":39,"column":10}},"5":{"start":{"line":46,"column":4},"end":{"line":46,"column":17}},"6":{"start":{"line":47,"column":4},"end":{"line":47,"column":12}}},"branchMap":{"1":{"line":22,"type":"if","locations":[{"start":{"line":22,"column":4},"end":{"line":22,"column":4}},{"start":{"line":22,"column":4},"end":{"line":22,"column":4}}]},"2":{"line":30,"type":"if","locations":[{"start":{"line":30,"column":4},"end":{"line":30,"column":4}},{"start":{"line":30,"column":4},"end":{"line":30,"column":4}}]}}},"contracts\\lib\\zeppelin-solidity\\ownership\\Ownable.sol":{"l":{"21":376,"28":585,"29":559,"37":275,"38":273,"39":273},"path":"F:/src/takeoff_ico/contract/contracts/lib/zeppelin-solidity/ownership/Ownable.sol","s":{"1":376,"2":585,"3":275,"4":273,"5":273},"b":{"1":[559,26],"2":[273,2]},"f":{"1":376,"2":585,"3":275},"fnMap":{"1":{"name":"Ownable","line":20,"loc":{"start":{"line":20,"column":2},"end":{"line":20,"column":27}}},"2":{"name":"onlyOwner","line":27,"loc":{"start":{"line":27,"column":2},"end":{"line":27,"column":22}}},"3":{"name":"transferOwnership","line":36,"loc":{"start":{"line":36,"column":2},"end":{"line":36,"column":63}}}},"statementMap":{"1":{"start":{"line":21,"column":4},"end":{"line":21,"column":21}},"2":{"start":{"line":28,"column":4},"end":{"line":28,"column":31}},"3":{"start":{"line":37,"column":4},"end":{"line":37,"column":34}},"4":{"start":{"line":38,"column":4},"end":{"line":38,"column":40}},"5":{"start":{"line":39,"column":4},"end":{"line":39,"column":19}}},"branchMap":{"1":{"line":28,"type":"if","locations":[{"start":{"line":28,"column":4},"end":{"line":28,"column":4}},{"start":{"line":28,"column":4},"end":{"line":28,"column":4}}]},"2":{"line":37,"type":"if","locations":[{"start":{"line":37,"column":4},"end":{"line":37,"column":4}},{"start":{"line":37,"column":4},"end":{"line":37,"column":4}}]}}},"contracts\\lib\\zeppelin-solidity\\token\\ERC20\\BasicToken.sol":{"l":{"23":2,"32":10,"33":8,"36":6,"37":6,"38":6,"39":6,"48":37},"path":"F:/src/takeoff_ico/contract/contracts/lib/zeppelin-solidity/token/ERC20/BasicToken.sol","s":{"1":2,"2":10,"3":8,"4":6,"5":6,"6":6,"7":6,"8":37},"b":{"1":[8,2],"2":[6,2]},"f":{"1":2,"2":10,"3":37},"fnMap":{"1":{"name":"totalSupply","line":22,"loc":{"start":{"line":22,"column":2},"end":{"line":22,"column":54}}},"2":{"name":"transfer","line":31,"loc":{"start":{"line":31,"column":2},"end":{"line":31,"column":70}}},"3":{"name":"balanceOf","line":47,"loc":{"start":{"line":47,"column":2},"end":{"line":47,"column":74}}}},"statementMap":{"1":{"start":{"line":23,"column":4},"end":{"line":23,"column":23}},"2":{"start":{"line":32,"column":4},"end":{"line":32,"column":29}},"3":{"start":{"line":33,"column":4},"end":{"line":33,"column":42}},"4":{"start":{"line":36,"column":4},"end":{"line":36,"column":58}},"5":{"start":{"line":37,"column":4},"end":{"line":37,"column":44}},"6":{"start":{"line":38,"column":4},"end":{"line":38,"column":36}},"7":{"start":{"line":39,"column":4},"end":{"line":39,"column":15}},"8":{"start":{"line":48,"column":4},"end":{"line":48,"column":27}}},"branchMap":{"1":{"line":32,"type":"if","locations":[{"start":{"line":32,"column":4},"end":{"line":32,"column":4}},{"start":{"line":32,"column":4},"end":{"line":32,"column":4}}]},"2":{"line":33,"type":"if","locations":[{"start":{"line":33,"column":4},"end":{"line":33,"column":4}},{"start":{"line":33,"column":4},"end":{"line":33,"column":4}}]}}},"contracts\\lib\\zeppelin-solidity\\token\\ERC20\\BurnableToken.sol":{"l":{"19":3,"23":2,"24":2,"25":2,"26":2},"path":"F:/src/takeoff_ico/contract/contracts/lib/zeppelin-solidity/token/ERC20/BurnableToken.sol","s":{"1":3,"2":2,"3":2,"4":2,"5":2},"b":{"1":[2,1]},"f":{"1":3},"fnMap":{"1":{"name":"burn","line":18,"loc":{"start":{"line":18,"column":2},"end":{"line":18,"column":38}}}},"statementMap":{"1":{"start":{"line":19,"column":4},"end":{"line":19,"column":42}},"2":{"start":{"line":23,"column":4},"end":{"line":23,"column":30}},"3":{"start":{"line":24,"column":4},"end":{"line":24,"column":50}},"4":{"start":{"line":25,"column":4},"end":{"line":25,"column":42}},"5":{"start":{"line":26,"column":4},"end":{"line":26,"column":23}}},"branchMap":{"1":{"line":19,"type":"if","locations":[{"start":{"line":19,"column":4},"end":{"line":19,"column":4}},{"start":{"line":19,"column":4},"end":{"line":19,"column":4}}]}}},"contracts\\lib\\zeppelin-solidity\\token\\ERC20\\ERC20.sol":{"l":{},"path":"F:/src/takeoff_ico/contract/contracts/lib/zeppelin-solidity/token/ERC20/ERC20.sol","s":{},"b":{},"f":{},"fnMap":{},"statementMap":{},"branchMap":{}},"contracts\\lib\\zeppelin-solidity\\token\\ERC20\\ERC20Basic.sol":{"l":{},"path":"F:/src/takeoff_ico/contract/contracts/lib/zeppelin-solidity/token/ERC20/ERC20Basic.sol","s":{},"b":{},"f":{},"fnMap":{},"statementMap":{},"branchMap":{}},"contracts\\lib\\zeppelin-solidity\\token\\ERC20\\MintableToken.sol":{"l":{"21":134,"22":131,"32":123,"33":123,"34":123,"35":123,"36":123,"44":8,"45":8,"46":8},"path":"F:/src/takeoff_ico/contract/contracts/lib/zeppelin-solidity/token/ERC20/MintableToken.sol","s":{"1":134,"2":123,"3":123,"4":123,"5":123,"6":123,"7":8,"8":8,"9":8},"b":{"1":[131,3]},"f":{"1":134,"2":123,"3":8},"fnMap":{"1":{"name":"canMint","line":20,"loc":{"start":{"line":20,"column":2},"end":{"line":20,"column":20}}},"2":{"name":"mint","line":31,"loc":{"start":{"line":31,"column":2},"end":{"line":31,"column":85}}},"3":{"name":"finishMinting","line":43,"loc":{"start":{"line":43,"column":2},"end":{"line":43,"column":66}}}},"statementMap":{"1":{"start":{"line":21,"column":4},"end":{"line":21,"column":28}},"2":{"start":{"line":32,"column":4},"end":{"line":32,"column":43}},"3":{"start":{"line":33,"column":4},"end":{"line":33,"column":45}},"4":{"start":{"line":34,"column":4},"end":{"line":34,"column":21}},"5":{"start":{"line":35,"column":4},"end":{"line":35,"column":37}},"6":{"start":{"line":36,"column":4},"end":{"line":36,"column":15}},"7":{"start":{"line":44,"column":4},"end":{"line":44,"column":25}},"8":{"start":{"line":45,"column":4},"end":{"line":45,"column":17}},"9":{"start":{"line":46,"column":4},"end":{"line":46,"column":15}}},"branchMap":{"1":{"line":21,"type":"if","locations":[{"start":{"line":21,"column":4},"end":{"line":21,"column":4}},{"start":{"line":21,"column":4},"end":{"line":21,"column":4}}]}}},"contracts\\lib\\zeppelin-solidity\\token\\ERC20\\PausableToken.sol":{"l":{"14":10,"18":9,"22":32,"26":10,"30":10},"path":"F:/src/takeoff_ico/contract/contracts/lib/zeppelin-solidity/token/ERC20/PausableToken.sol","s":{"1":10,"2":9,"3":32,"4":10,"5":10},"b":{},"f":{"1":10,"2":9,"3":32,"4":10,"5":10},"fnMap":{"1":{"name":"transfer","line":13,"loc":{"start":{"line":13,"column":2},"end":{"line":13,"column":84}}},"2":{"name":"transferFrom","line":17,"loc":{"start":{"line":17,"column":2},"end":{"line":17,"column":103}}},"3":{"name":"approve","line":21,"loc":{"start":{"line":21,"column":2},"end":{"line":21,"column":88}}},"4":{"name":"increaseApproval","line":25,"loc":{"start":{"line":25,"column":2},"end":{"line":25,"column":107}}},"5":{"name":"decreaseApproval","line":29,"loc":{"start":{"line":29,"column":2},"end":{"line":29,"column":112}}}},"statementMap":{"1":{"start":{"line":14,"column":4},"end":{"line":14,"column":38}},"2":{"start":{"line":18,"column":4},"end":{"line":18,"column":49}},"3":{"start":{"line":22,"column":4},"end":{"line":22,"column":42}},"4":{"start":{"line":26,"column":4},"end":{"line":26,"column":56}},"5":{"start":{"line":30,"column":4},"end":{"line":30,"column":61}}},"branchMap":{}},"contracts\\lib\\zeppelin-solidity\\token\\ERC20\\StandardToken.sol":{"l":{"26":9,"27":8,"28":6,"30":5,"31":5,"32":5,"33":5,"34":5,"48":32,"49":32,"50":32,"60":22,"74":10,"75":10,"76":10,"90":10,"91":10,"92":6,"94":4,"96":10,"97":10},"path":"F:/src/takeoff_ico/contract/contracts/lib/zeppelin-solidity/token/ERC20/StandardToken.sol","s":{"1":9,"2":8,"3":6,"4":5,"5":5,"6":5,"7":5,"8":5,"9":32,"10":32,"11":32,"12":22,"13":10,"14":10,"15":10,"16":10,"17":10,"18":6,"19":4,"20":10,"21":10},"b":{"1":[8,1],"2":[6,2],"3":[5,1],"4":[6,4]},"f":{"1":9,"2":32,"3":22,"4":10,"5":10},"fnMap":{"1":{"name":"transferFrom","line":25,"loc":{"start":{"line":25,"column":2},"end":{"line":25,"column":89}}},"2":{"name":"approve","line":47,"loc":{"start":{"line":47,"column":2},"end":{"line":47,"column":74}}},"3":{"name":"allowance","line":59,"loc":{"start":{"line":59,"column":2},"end":{"line":59,"column":84}}},"4":{"name":"increaseApproval","line":73,"loc":{"start":{"line":73,"column":2},"end":{"line":73,"column":85}}},"5":{"name":"decreaseApproval","line":89,"loc":{"start":{"line":89,"column":2},"end":{"line":89,"column":90}}}},"statementMap":{"1":{"start":{"line":26,"column":4},"end":{"line":26,"column":29}},"2":{"start":{"line":27,"column":4},"end":{"line":27,"column":37}},"3":{"start":{"line":28,"column":4},"end":{"line":28,"column":48}},"4":{"start":{"line":30,"column":4},"end":{"line":30,"column":48}},"5":{"start":{"line":31,"column":4},"end":{"line":31,"column":44}},"6":{"start":{"line":32,"column":4},"end":{"line":32,"column":70}},"7":{"start":{"line":33,"column":4},"end":{"line":33,"column":31}},"8":{"start":{"line":34,"column":4},"end":{"line":34,"column":15}},"9":{"start":{"line":48,"column":4},"end":{"line":48,"column":41}},"10":{"start":{"line":49,"column":4},"end":{"line":49,"column":41}},"11":{"start":{"line":50,"column":4},"end":{"line":50,"column":15}},"12":{"start":{"line":60,"column":4},"end":{"line":60,"column":36}},"13":{"start":{"line":74,"column":4},"end":{"line":74,"column":81}},"14":{"start":{"line":75,"column":4},"end":{"line":75,"column":64}},"15":{"start":{"line":76,"column":4},"end":{"line":76,"column":15}},"16":{"start":{"line":90,"column":4},"end":{"line":90,"column":48}},"17":{"start":{"line":91,"column":4},"end":{"line":91,"column":3753}},"18":{"start":{"line":92,"column":6},"end":{"line":92,"column":38}},"19":{"start":{"line":94,"column":6},"end":{"line":94,"column":67}},"20":{"start":{"line":96,"column":4},"end":{"line":96,"column":64}},"21":{"start":{"line":97,"column":4},"end":{"line":97,"column":15}}},"branchMap":{"1":{"line":26,"type":"if","locations":[{"start":{"line":26,"column":4},"end":{"line":26,"column":4}},{"start":{"line":26,"column":4},"end":{"line":26,"column":4}}]},"2":{"line":27,"type":"if","locations":[{"start":{"line":27,"column":4},"end":{"line":27,"column":4}},{"start":{"line":27,"column":4},"end":{"line":27,"column":4}}]},"3":{"line":28,"type":"if","locations":[{"start":{"line":28,"column":4},"end":{"line":28,"column":4}},{"start":{"line":28,"column":4},"end":{"line":28,"column":4}}]},"4":{"line":91,"type":"if","locations":[{"start":{"line":91,"column":4},"end":{"line":91,"column":4}},{"start":{"line":91,"column":4},"end":{"line":91,"column":4}}]}}},"contracts\\TkoToken.sol":{"l":{},"path":"F:/src/takeoff_ico/contract/contracts/TkoToken.sol","s":{},"b":{},"f":{},"fnMap":{},"statementMap":{},"branchMap":{}},"contracts\\TkoTokenSale.sol":{"l":{"58":85,"59":85,"61":85,"62":85,"63":85,"65":85,"75":60,"76":60,"78":49,"87":47,"88":47,"89":47,"90":47,"101":47,"102":47,"104":47,"105":47,"106":7,"109":47,"118":46,"119":46,"130":47,"137":10,"138":10,"145":4,"146":4,"153":1,"154":1,"163":6,"164":6,"165":6},"path":"F:/src/takeoff_ico/contract/contracts/TkoTokenSale.sol","s":{"1":85,"2":85,"3":85,"4":85,"5":85,"6":85,"7":60,"8":60,"9":47,"10":47,"11":47,"12":47,"13":47,"14":47,"15":47,"16":47,"17":7,"18":47,"19":47,"20":10,"21":4,"22":1,"23":6},"b":{"1":[49,11],"2":[7,40],"3":[46,1]},"f":{"1":85,"2":60,"3":47,"4":47,"5":46,"6":47,"7":10,"8":4,"9":1,"10":6},"fnMap":{"1":{"name":"TkoTokenSale","line":42,"loc":{"start":{"line":42,"column":4},"end":{"line":57,"column":5}}},"2":{"name":"_preValidatePurchase","line":73,"loc":{"start":{"line":73,"column":4},"end":{"line":73,"column":110}}},"3":{"name":"getCurrentRate","line":86,"loc":{"start":{"line":86,"column":4},"end":{"line":86,"column":57}}},"4":{"name":"_getTokenAmount","line":99,"loc":{"start":{"line":99,"column":4},"end":{"line":99,"column":78}}},"5":{"name":"_updatePurchasingState","line":117,"loc":{"start":{"line":117,"column":4},"end":{"line":117,"column":84}}},"6":{"name":"_deliverTokens","line":127,"loc":{"start":{"line":127,"column":4},"end":{"line":127,"column":106}}},"7":{"name":"pauseCrowdsale","line":136,"loc":{"start":{"line":136,"column":4},"end":{"line":136,"column":58}}},"8":{"name":"unpauseCrowdsale","line":144,"loc":{"start":{"line":144,"column":4},"end":{"line":144,"column":57}}},"9":{"name":"evacuate","line":152,"loc":{"start":{"line":152,"column":4},"end":{"line":152,"column":38}}},"10":{"name":"finalization","line":162,"loc":{"start":{"line":162,"column":4},"end":{"line":162,"column":34}}}},"statementMap":{"1":{"start":{"line":58,"column":8},"end":{"line":58,"column":33}},"2":{"start":{"line":59,"column":8},"end":{"line":59,"column":31}},"3":{"start":{"line":61,"column":8},"end":{"line":61,"column":31}},"4":{"start":{"line":62,"column":8},"end":{"line":62,"column":54}},"5":{"start":{"line":63,"column":8},"end":{"line":63,"column":55}},"6":{"start":{"line":65,"column":8},"end":{"line":65,"column":29}},"7":{"start":{"line":75,"column":8},"end":{"line":75,"column":55}},"8":{"start":{"line":76,"column":8},"end":{"line":76,"column":3143}},"9":{"start":{"line":87,"column":8},"end":{"line":87,"column":49}},"10":{"start":{"line":88,"column":8},"end":{"line":88,"column":55}},"11":{"start":{"line":89,"column":8},"end":{"line":89,"column":53}},"12":{"start":{"line":90,"column":8},"end":{"line":90,"column":73}},"13":{"start":{"line":101,"column":8},"end":{"line":101,"column":45}},"14":{"start":{"line":102,"column":8},"end":{"line":102,"column":56}},"15":{"start":{"line":104,"column":8},"end":{"line":104,"column":82}},"16":{"start":{"line":105,"column":8},"end":{"line":105,"column":4396}},"17":{"start":{"line":106,"column":12},"end":{"line":106,"column":73}},"18":{"start":{"line":109,"column":8},"end":{"line":109,"column":26}},"19":{"start":{"line":130,"column":8},"end":{"line":130,"column":64}},"20":{"start":{"line":137,"column":8},"end":{"line":137,"column":22}},"21":{"start":{"line":145,"column":8},"end":{"line":145,"column":22}},"22":{"start":{"line":153,"column":8},"end":{"line":153,"column":22}},"23":{"start":{"line":163,"column":8},"end":{"line":163,"column":22}}},"branchMap":{"1":{"line":76,"type":"if","locations":[{"start":{"line":76,"column":8},"end":{"line":76,"column":8}},{"start":{"line":76,"column":8},"end":{"line":76,"column":8}}]},"2":{"line":105,"type":"if","locations":[{"start":{"line":105,"column":8},"end":{"line":105,"column":8}},{"start":{"line":105,"column":8},"end":{"line":105,"column":8}}]},"3":{"line":130,"type":"if","locations":[{"start":{"line":130,"column":8},"end":{"line":130,"column":8}},{"start":{"line":130,"column":8},"end":{"line":130,"column":8}}]}}},"contracts\\TkoWhitelist.sol":{"l":{"28":117,"29":116,"36":159,"37":153,"45":5,"47":4,"55":80,"63":19,"71":6,"72":14,"81":5,"90":43,"99":3,"108":49},"path":"F:/src/takeoff_ico/contract/contracts/TkoWhitelist.sol","s":{"1":117,"2":116,"3":159,"4":5,"5":4,"6":4,"7":80,"8":19,"9":6,"10":14,"11":5,"12":43,"13":3,"14":49},"b":{"1":[116,1],"2":[153,6],"3":[4,1]},"f":{"1":117,"2":159,"3":5,"4":80,"5":19,"6":6,"7":5,"8":43,"9":3,"10":49},"fnMap":{"1":{"name":"TkoWhitelist","line":27,"loc":{"start":{"line":27,"column":4},"end":{"line":27,"column":47}}},"2":{"name":"onlyOwnerOrAdmin","line":35,"loc":{"start":{"line":35,"column":4},"end":{"line":35,"column":29}}},"3":{"name":"changeAdmin","line":44,"loc":{"start":{"line":44,"column":4},"end":{"line":44,"column":57}}},"4":{"name":"isWhitelisted","line":54,"loc":{"start":{"line":54,"column":4},"end":{"line":54,"column":92}}},"5":{"name":"addToWhitelist","line":62,"loc":{"start":{"line":62,"column":4},"end":{"line":62,"column":73}}},"6":{"name":"addManyToWhitelist","line":70,"loc":{"start":{"line":70,"column":4},"end":{"line":70,"column":81}}},"7":{"name":"removeFromWhitelist","line":80,"loc":{"start":{"line":80,"column":4},"end":{"line":80,"column":78}}},"8":{"name":"getTotalIndividualWeiAmount","line":89,"loc":{"start":{"line":89,"column":4},"end":{"line":89,"column":109}}},"9":{"name":"setTotalIndividualWeiAmount","line":98,"loc":{"start":{"line":98,"column":4},"end":{"line":98,"column":103}}},"10":{"name":"addTotalIndividualWeiAmount","line":107,"loc":{"start":{"line":107,"column":4},"end":{"line":107,"column":98}}}},"statementMap":{"1":{"start":{"line":28,"column":8},"end":{"line":28,"column":36}},"2":{"start":{"line":29,"column":8},"end":{"line":29,"column":21}},"3":{"start":{"line":36,"column":8},"end":{"line":36,"column":58}},"4":{"start":{"line":45,"column":8},"end":{"line":45,"column":38}},"5":{"start":{"line":46,"column":13},"end":{"line":46,"column":41}},"6":{"start":{"line":47,"column":8},"end":{"line":47,"column":23}},"7":{"start":{"line":55,"column":8},"end":{"line":55,"column":38}},"8":{"start":{"line":63,"column":8},"end":{"line":63,"column":37}},"9":{"start":{"line":71,"column":8},"end":{"line":71,"column":2283}},"10":{"start":{"line":72,"column":12},"end":{"line":72,"column":46}},"11":{"start":{"line":81,"column":8},"end":{"line":81,"column":38}},"12":{"start":{"line":90,"column":8},"end":{"line":90,"column":53}},"13":{"start":{"line":99,"column":8},"end":{"line":99,"column":63}},"14":{"start":{"line":108,"column":8},"end":{"line":108,"column":102}}},"branchMap":{"1":{"line":28,"type":"if","locations":[{"start":{"line":28,"column":8},"end":{"line":28,"column":8}},{"start":{"line":28,"column":8},"end":{"line":28,"column":8}}]},"2":{"line":36,"type":"if","locations":[{"start":{"line":36,"column":8},"end":{"line":36,"column":8}},{"start":{"line":36,"column":8},"end":{"line":36,"column":8}}]},"3":{"line":45,"type":"if","locations":[{"start":{"line":45,"column":8},"end":{"line":45,"column":8}},{"start":{"line":45,"column":8},"end":{"line":45,"column":8}}]}}}}