TN:
SF:F:/src/takeoff_ico/contract/contracts/lib/zeppelin-solidity/crowdsale/Crowdsale.sol
FN:48,Crowdsale
FN:65,
FN:73,buyTokens
FN:102,_preValidatePurchase
FN:112,_postValidatePurchase
FN:121,_deliverTokens
FN:130,_processPurchase
FN:139,_updatePurchasingState
FN:148,_getTokenAmount
FN:155,_forwardFunds
FNF:10
FNH:8
FNDA:91,Crowdsale
FNDA:26,
FNDA:66,buyTokens
FNDA:49,_preValidatePurchase
FNDA:46,_postValidatePurchase
FNDA:0,_deliverTokens
FNDA:47,_processPurchase
FNDA:46,_updatePurchasingState
FNDA:0,_getTokenAmount
FNDA:46,_forwardFunds
DA:49,91
DA:50,90
DA:51,89
DA:53,88
DA:54,88
DA:55,88
DA:66,26
DA:75,66
DA:76,66
DA:79,47
DA:82,47
DA:84,47
DA:85,46
DA:87,46
DA:89,46
DA:90,46
DA:103,49
DA:104,48
DA:122,0
DA:131,47
DA:149,0
DA:156,46
LF:22
LH:20
BRDA:49,1,0,90
BRDA:49,1,1,1
BRDA:50,2,0,89
BRDA:50,2,1,1
BRDA:51,3,0,88
BRDA:51,3,1,1
BRDA:103,4,0,48
BRDA:103,4,1,1
BRDA:104,5,0,47
BRDA:104,5,1,1
BRF:10
BRH:10
end_of_record
TN:
SF:F:/src/takeoff_ico/contract/contracts/lib/zeppelin-solidity/crowdsale/distribution/FinalizableCrowdsale.sol
FN:23,finalize
FN:38,finalization
FNF:2
FNH:2
FNDA:11,finalize
FNDA:6,finalization
DA:24,11
DA:25,9
DA:27,6
DA:28,6
DA:30,6
LF:5
LH:5
BRDA:24,1,0,9
BRDA:24,1,1,2
BRDA:25,2,0,6
BRDA:25,2,1,3
BRF:4
BRH:4
end_of_record
TN:
SF:F:/src/takeoff_ico/contract/contracts/lib/zeppelin-solidity/crowdsale/validation/TimedCrowdsale.sol
FN:20,onlyWhileOpen
FN:30,TimedCrowdsale
FN:42,hasClosed
FN:51,_preValidatePurchase
FNF:4
FNH:4
FNDA:162,onlyWhileOpen
FNDA:88,TimedCrowdsale
FNDA:11,hasClosed
FNDA:49,_preValidatePurchase
DA:21,162
DA:22,158
DA:31,88
DA:32,86
DA:34,85
DA:35,85
DA:43,11
DA:52,49
LF:8
LH:8
BRDA:21,1,0,158
BRDA:21,1,1,4
BRDA:31,2,0,86
BRDA:31,2,1,2
BRDA:32,3,0,85
BRDA:32,3,1,1
BRF:6
BRH:6
end_of_record
TN:
SF:F:/src/takeoff_ico/contract/contracts/lib/zeppelin-solidity/lifecycle/Pausable.sol
FN:21,whenNotPaused
FN:29,whenPaused
FN:37,pause
FN:45,unpause
FNF:4
FNH:4
FNDA:238,whenNotPaused
FNDA:28,whenPaused
FNDA:41,pause
FNDA:18,unpause
DA:22,238
DA:23,229
DA:30,28
DA:31,22
DA:38,41
DA:39,41
DA:46,18
DA:47,18
LF:8
LH:8
BRDA:22,1,0,229
BRDA:22,1,1,9
BRDA:30,2,0,22
BRDA:30,2,1,6
BRF:4
BRH:4
end_of_record
TN:
SF:F:/src/takeoff_ico/contract/contracts/lib/zeppelin-solidity/ownership/Ownable.sol
FN:20,Ownable
FN:27,onlyOwner
FN:36,transferOwnership
FNF:3
FNH:3
FNDA:376,Ownable
FNDA:585,onlyOwner
FNDA:275,transferOwnership
DA:21,376
DA:28,585
DA:29,559
DA:37,275
DA:38,273
DA:39,273
LF:6
LH:6
BRDA:28,1,0,559
BRDA:28,1,1,26
BRDA:37,2,0,273
BRDA:37,2,1,2
BRF:4
BRH:4
end_of_record
TN:
SF:F:/src/takeoff_ico/contract/contracts/lib/zeppelin-solidity/token/ERC20/BasicToken.sol
FN:22,totalSupply
FN:31,transfer
FN:47,balanceOf
FNF:3
FNH:3
FNDA:2,totalSupply
FNDA:10,transfer
FNDA:37,balanceOf
DA:23,2
DA:32,10
DA:33,8
DA:36,6
DA:37,6
DA:38,6
DA:39,6
DA:48,37
LF:8
LH:8
BRDA:32,1,0,8
BRDA:32,1,1,2
BRDA:33,2,0,6
BRDA:33,2,1,2
BRF:4
BRH:4
end_of_record
TN:
SF:F:/src/takeoff_ico/contract/contracts/lib/zeppelin-solidity/token/ERC20/BurnableToken.sol
FN:18,burn
FNF:1
FNH:1
FNDA:3,burn
DA:19,3
DA:23,2
DA:24,2
DA:25,2
DA:26,2
LF:5
LH:5
BRDA:19,1,0,2
BRDA:19,1,1,1
BRF:2
BRH:2
end_of_record
TN:
SF:F:/src/takeoff_ico/contract/contracts/lib/zeppelin-solidity/token/ERC20/ERC20.sol
FNF:0
FNH:0
LF:0
LH:0
BRF:0
BRH:0
end_of_record
TN:
SF:F:/src/takeoff_ico/contract/contracts/lib/zeppelin-solidity/token/ERC20/ERC20Basic.sol
FNF:0
FNH:0
LF:0
LH:0
BRF:0
BRH:0
end_of_record
TN:
SF:F:/src/takeoff_ico/contract/contracts/lib/zeppelin-solidity/token/ERC20/MintableToken.sol
FN:20,canMint
FN:31,mint
FN:43,finishMinting
FNF:3
FNH:3
FNDA:134,canMint
FNDA:123,mint
FNDA:8,finishMinting
DA:21,134
DA:22,131
DA:32,123
DA:33,123
DA:34,123
DA:35,123
DA:36,123
DA:44,8
DA:45,8
DA:46,8
LF:10
LH:10
BRDA:21,1,0,131
BRDA:21,1,1,3
BRF:2
BRH:2
end_of_record
TN:
SF:F:/src/takeoff_ico/contract/contracts/lib/zeppelin-solidity/token/ERC20/PausableToken.sol
FN:13,transfer
FN:17,transferFrom
FN:21,approve
FN:25,increaseApproval
FN:29,decreaseApproval
FNF:5
FNH:5
FNDA:10,transfer
FNDA:9,transferFrom
FNDA:32,approve
FNDA:10,increaseApproval
FNDA:10,decreaseApproval
DA:14,10
DA:18,9
DA:22,32
DA:26,10
DA:30,10
LF:5
LH:5
BRF:0
BRH:0
end_of_record
TN:
SF:F:/src/takeoff_ico/contract/contracts/lib/zeppelin-solidity/token/ERC20/StandardToken.sol
FN:25,transferFrom
FN:47,approve
FN:59,allowance
FN:73,increaseApproval
FN:89,decreaseApproval
FNF:5
FNH:5
FNDA:9,transferFrom
FNDA:32,approve
FNDA:22,allowance
FNDA:10,increaseApproval
FNDA:10,decreaseApproval
DA:26,9
DA:27,8
DA:28,6
DA:30,5
DA:31,5
DA:32,5
DA:33,5
DA:34,5
DA:48,32
DA:49,32
DA:50,32
DA:60,22
DA:74,10
DA:75,10
DA:76,10
DA:90,10
DA:91,10
DA:92,6
DA:94,4
DA:96,10
DA:97,10
LF:21
LH:21
BRDA:26,1,0,8
BRDA:26,1,1,1
BRDA:27,2,0,6
BRDA:27,2,1,2
BRDA:28,3,0,5
BRDA:28,3,1,1
BRDA:91,4,0,6
BRDA:91,4,1,4
BRF:8
BRH:8
end_of_record
TN:
SF:F:/src/takeoff_ico/contract/contracts/TkoToken.sol
FNF:0
FNH:0
LF:0
LH:0
BRF:0
BRH:0
end_of_record
TN:
SF:F:/src/takeoff_ico/contract/contracts/TkoTokenSale.sol
FN:42,TkoTokenSale
FN:73,_preValidatePurchase
FN:86,getCurrentRate
FN:99,_getTokenAmount
FN:117,_updatePurchasingState
FN:127,_deliverTokens
FN:136,pauseCrowdsale
FN:144,unpauseCrowdsale
FN:152,evacuate
FN:162,finalization
FNF:10
FNH:10
FNDA:85,TkoTokenSale
FNDA:60,_preValidatePurchase
FNDA:47,getCurrentRate
FNDA:47,_getTokenAmount
FNDA:46,_updatePurchasingState
FNDA:47,_deliverTokens
FNDA:10,pauseCrowdsale
FNDA:4,unpauseCrowdsale
FNDA:1,evacuate
FNDA:6,finalization
DA:58,85
DA:59,85
DA:61,85
DA:62,85
DA:63,85
DA:65,85
DA:75,60
DA:76,60
DA:78,49
DA:87,47
DA:88,47
DA:89,47
DA:90,47
DA:101,47
DA:102,47
DA:104,47
DA:105,47
DA:106,7
DA:109,47
DA:118,46
DA:119,46
DA:130,47
DA:137,10
DA:138,10
DA:145,4
DA:146,4
DA:153,1
DA:154,1
DA:163,6
DA:164,6
DA:165,6
LF:31
LH:31
BRDA:76,1,0,49
BRDA:76,1,1,11
BRDA:105,2,0,7
BRDA:105,2,1,40
BRDA:130,3,0,46
BRDA:130,3,1,1
BRF:6
BRH:6
end_of_record
TN:
SF:F:/src/takeoff_ico/contract/contracts/TkoWhitelist.sol
FN:27,TkoWhitelist
FN:35,onlyOwnerOrAdmin
FN:44,changeAdmin
FN:54,isWhitelisted
FN:62,addToWhitelist
FN:70,addManyToWhitelist
FN:80,removeFromWhitelist
FN:89,getTotalIndividualWeiAmount
FN:98,setTotalIndividualWeiAmount
FN:107,addTotalIndividualWeiAmount
FNF:10
FNH:10
FNDA:117,TkoWhitelist
FNDA:159,onlyOwnerOrAdmin
FNDA:5,changeAdmin
FNDA:80,isWhitelisted
FNDA:19,addToWhitelist
FNDA:6,addManyToWhitelist
FNDA:5,removeFromWhitelist
FNDA:43,getTotalIndividualWeiAmount
FNDA:3,setTotalIndividualWeiAmount
FNDA:49,addTotalIndividualWeiAmount
DA:28,117
DA:29,116
DA:36,159
DA:37,153
DA:45,5
DA:47,4
DA:55,80
DA:63,19
DA:71,6
DA:72,14
DA:81,5
DA:90,43
DA:99,3
DA:108,49
LF:14
LH:14
BRDA:28,1,0,116
BRDA:28,1,1,1
BRDA:36,2,0,153
BRDA:36,2,1,6
BRDA:45,3,0,4
BRDA:45,3,1,1
BRF:6
BRH:6
end_of_record
